<?xml version="1.0" encoding="UTF-8"?>
<!-- Generated by org.testng.reporters.JUnitXMLReporter -->
<testsuite hostname="DESKTOP-2R20MLO" ignored="0" name="EmployeeRestAPITest" tests="24" failures="5" timestamp="28 Jun 2020 11:20:34 GMT" time="107.798" errors="0">
  <testcase name="checkContentEncoding" time="0.021" classname="com.employeeapi.testcase.TC001_Get_All_Employees"/>
  <testcase name="checkContentLength" time="0.007" classname="com.employeeapi.testcase.TC001_Get_All_Employees"/>
  <testcase name="checkContentType" time="0.011" classname="com.employeeapi.testcase.TC001_Get_All_Employees"/>
  <testcase name="checkResponseBody" time="0.006" classname="com.employeeapi.testcase.TC001_Get_All_Employees"/>
  <testcase name="checkResponseTime" time="0.005" classname="com.employeeapi.testcase.TC001_Get_All_Employees"/>
  <testcase name="checkServerType" time="0.002" classname="com.employeeapi.testcase.TC001_Get_All_Employees"/>
  <testcase name="checkStatuCode" time="0.002" classname="com.employeeapi.testcase.TC001_Get_All_Employees"/>
  <testcase name="checkStatusLine" time="0.012" classname="com.employeeapi.testcase.TC001_Get_All_Employees"/>
  <testcase name="checkResponseBody" time="0.011" classname="com.employeeapi.testcase.TC002_Get_Single_Employee_Record">
    <failure type="java.lang.AssertionError" message="expected [true] but found [false]">
      <![CDATA[java.lang.AssertionError: expected [true] but found [false]
at com.employeeapi.testcase.TC002_Get_Single_Employee_Record.checkResponseBody(TC002_Get_Single_Employee_Record.java:33)
... Removed 29 stack frames]]>
    </failure>
  </testcase> <!-- checkResponseBody -->
  <testcase name="checkContentType" time="0.007" classname="com.employeeapi.testcase.TC003_Post_Employee_Record"/>
  <testcase name="checkResponseBody" time="0.01" classname="com.employeeapi.testcase.TC003_Post_Employee_Record">
    <failure type="java.lang.AssertionError" message="expected [true] but found [false]">
      <![CDATA[java.lang.AssertionError: expected [true] but found [false]
at com.employeeapi.testcase.TC003_Post_Employee_Record.checkResponseBody(TC003_Post_Employee_Record.java:51)
... Removed 29 stack frames]]>
    </failure>
  </testcase> <!-- checkResponseBody -->
  <testcase name="checkResponseTime" time="0.006" classname="com.employeeapi.testcase.TC003_Post_Employee_Record"/>
  <testcase name="checkServerType" time="0.006" classname="com.employeeapi.testcase.TC003_Post_Employee_Record"/>
  <testcase name="checkStatuCode" time="0.006" classname="com.employeeapi.testcase.TC003_Post_Employee_Record">
    <failure type="java.lang.AssertionError" message="expected [400] but found [200]">
      <![CDATA[java.lang.AssertionError: expected [400] but found [200]
at com.employeeapi.testcase.TC003_Post_Employee_Record.checkStatuCode(TC003_Post_Employee_Record.java:63)
... Removed 31 stack frames]]>
    </failure>
  </testcase> <!-- checkStatuCode -->
  <testcase name="checkStatusLine" time="0.008" classname="com.employeeapi.testcase.TC003_Post_Employee_Record">
    <failure type="java.lang.AssertionError" message="expected [HTTP/1.1 400 Bad Request] but found [HTTP/1.1 200 OK]">
      <![CDATA[java.lang.AssertionError: expected [HTTP/1.1 400 Bad Request] but found [HTTP/1.1 200 OK]
at com.employeeapi.testcase.TC003_Post_Employee_Record.checkStatusLine(TC003_Post_Employee_Record.java:87)
... Removed 31 stack frames]]>
    </failure>
  </testcase> <!-- checkStatusLine -->
  <testcase name="checkContentEncoding" time="0.005" classname="com.employeeapi.testcase.TC004_Put_Employee_Record"/>
  <testcase name="checkContentLength" time="0.005" classname="com.employeeapi.testcase.TC004_Put_Employee_Record"/>
  <testcase name="checkContentType" time="0.006" classname="com.employeeapi.testcase.TC004_Put_Employee_Record"/>
  <testcase name="checkResponseBody" time="0.008" classname="com.employeeapi.testcase.TC004_Put_Employee_Record"/>
  <testcase name="checkResponseTime" time="0.006" classname="com.employeeapi.testcase.TC004_Put_Employee_Record"/>
  <testcase name="checkServerType" time="0.006" classname="com.employeeapi.testcase.TC004_Put_Employee_Record"/>
  <testcase name="checkStatuCode" time="0.005" classname="com.employeeapi.testcase.TC004_Put_Employee_Record"/>
  <testcase name="checkStatusLine" time="0.005" classname="com.employeeapi.testcase.TC004_Put_Employee_Record"/>
  <testcase name="checkResponseBody" time="0.002" classname="com.employeeapi.testcase.TC005_Delete_Employee_Record">
    <failure type="java.lang.AssertionError" message="expected [true] but found [false]">
      <![CDATA[java.lang.AssertionError: expected [true] but found [false]
at com.employeeapi.testcase.TC005_Delete_Employee_Record.checkResponseBody(TC005_Delete_Employee_Record.java:40)
... Removed 29 stack frames]]>
    </failure>
  </testcase> <!-- checkResponseBody -->
</testsuite> <!-- EmployeeRestAPITest -->
